<?xml version="1.0" encoding="UTF-8"?>
<!-- Generated by org.testng.reporters.JUnitReportReporter -->
<testsuite hostname="DESKTOP-1M2UP23" failures="0" tests="6" name="firstProject.swagwebsite" time="2.465" errors="0" timestamp="2025-06-30T09:03:47 EET" skipped="3">
  <testcase classname="firstProject.swagwebsite" name="login" time="0.132"/>
  <testcase classname="firstProject.swagwebsite" name="addToCart" time="2.072"/>
  <testcase classname="firstProject.swagwebsite" name="CheckoutProcess" time="0.261"/>
  <testcase classname="firstProject.swagwebsite" name="addToCartAfterTheRemove">
    <skipped/>
  </testcase> <!-- addToCartAfterTheRemove -->
  <testcase classname="firstProject.swagwebsite" name="logout">
    <skipped/>
  </testcase> <!-- logout -->
  <testcase classname="firstProject.swagwebsite" name="removeFromCart">
    <skipped/>
  </testcase> <!-- removeFromCart -->
</testsuite> <!-- firstProject.swagwebsite -->
