<?xml version="1.0" encoding="UTF-8"?>
<!-- Generated by org.testng.reporters.JUnitReportReporter -->
<testsuite hostname="DESKTOP-1M2UP23" failures="0" tests="2" name="firstProject.Practice" time="0.277" errors="0" timestamp="2025-07-10T13:24:18 EET" skipped="0">
  <testcase classname="firstProject.Practice" name="login" time="0.129"/>
  <testcase classname="firstProject.Practice" name="AddItemtothecart" time="0.148"/>
</testsuite> <!-- firstProject.Practice -->
